<?xml version="1.0" encoding="utf-8"?><testsuites><testsuite name="pytest" errors="0" failures="0" skipped="0" tests="15" time="1.678" timestamp="2026-04-17T05:57:32.294422" hostname="0b33d8fe0ee1"><testcase classname="tests.unit.test_services.TestLogEntryModel" name="test_valid_log_entry" time="0.141" /><testcase classname="tests.unit.test_services.TestLogEntryModel" name="test_missing_required_fields" time="0.010" /><testcase classname="tests.unit.test_services.TestLogEntryModel" name="test_log_level_case_insensitive" time="0.010" /><testcase classname="tests.unit.test_services.TestLogEntryModel" name="test_response_time_defaults_to_zero" time="0.008" /><testcase classname="tests.unit.test_services.TestLogEntryModel" name="test_negative_response_time_rejected" time="0.009" /><testcase classname="tests.unit.test_services.TestLogEntryModel" name="test_invalid_log_level_rejected" time="0.009" /><testcase classname="tests.unit.test_services.TestFeatureExtractor" name="test_extract_hour_of_day" time="0.001" /><testcase classname="tests.unit.test_services.TestFeatureExtractor" name="test_log_level_encoding" time="0.003" /><testcase classname="tests.unit.test_services.TestFeatureExtractor" name="test_missing_fields_use_defaults" time="0.001" /><testcase classname="tests.unit.test_services.TestAnomalyDetection" name="test_normal_log_predicted_normal" time="0.890" /><testcase classname="tests.unit.test_services.TestAnomalyDetection" name="test_anomalous_features_lower_score" time="0.149" /><testcase classname="tests.unit.test_services.TestAlertDeduplication" name="test_dedup_key_is_consistent" time="0.001" /><testcase classname="tests.unit.test_services.TestAlertDeduplication" name="test_different_services_produce_different_keys" time="0.001" /><testcase classname="tests.unit.test_services.TestDashboardHelpers" name="test_serialise_alert_converts_datetime" time="0.417" /><testcase classname="tests.unit.test_services.TestDashboardHelpers" name="test_serialise_alert_passthrough_scalars" time="0.001" /></testsuite></testsuites>