<?xml version="1.0" encoding="utf-8"?><testsuites><testsuite name="pytest" errors="0" failures="0" skipped="0" tests="15" time="2.130" timestamp="2026-04-17T05:54:42.685764" hostname="f8b2f807d3ea"><testcase classname="tests.unit.test_services.TestLogEntryModel" name="test_valid_log_entry" time="0.150" /><testcase classname="tests.unit.test_services.TestLogEntryModel" name="test_missing_required_fields" time="0.009" /><testcase classname="tests.unit.test_services.TestLogEntryModel" name="test_log_level_case_insensitive" time="0.010" /><testcase classname="tests.unit.test_services.TestLogEntryModel" name="test_response_time_defaults_to_zero" time="0.010" /><testcase classname="tests.unit.test_services.TestLogEntryModel" name="test_negative_response_time_rejected" time="0.009" /><testcase classname="tests.unit.test_services.TestLogEntryModel" name="test_invalid_log_level_rejected" time="0.009" /><testcase classname="tests.unit.test_services.TestFeatureExtractor" name="test_extract_hour_of_day" time="0.002" /><testcase classname="tests.unit.test_services.TestFeatureExtractor" name="test_log_level_encoding" time="0.004" /><testcase classname="tests.unit.test_services.TestFeatureExtractor" name="test_missing_fields_use_defaults" time="0.002" /><testcase classname="tests.unit.test_services.TestAnomalyDetection" name="test_normal_log_predicted_normal" time="1.013" /><testcase classname="tests.unit.test_services.TestAnomalyDetection" name="test_anomalous_features_lower_score" time="0.245" /><testcase classname="tests.unit.test_services.TestAlertDeduplication" name="test_dedup_key_is_consistent" time="0.001" /><testcase classname="tests.unit.test_services.TestAlertDeduplication" name="test_different_services_produce_different_keys" time="0.001" /><testcase classname="tests.unit.test_services.TestDashboardHelpers" name="test_serialise_alert_converts_datetime" time="0.635" /><testcase classname="tests.unit.test_services.TestDashboardHelpers" name="test_serialise_alert_passthrough_scalars" time="0.001" /></testsuite></testsuites>